mode: set
github.com/theapemachine/six/pkg/logic/graph/ast.go:17.43,19.38 2 0
github.com/theapemachine/six/pkg/logic/graph/ast.go:19.38,21.3 1 0
github.com/theapemachine/six/pkg/logic/graph/ast.go:24.66,25.25 1 0
github.com/theapemachine/six/pkg/logic/graph/ast.go:25.25,27.3 1 0
github.com/theapemachine/six/pkg/logic/graph/ast.go:29.2,31.32 3 0
github.com/theapemachine/six/pkg/logic/graph/ast.go:31.32,32.29 1 0
github.com/theapemachine/six/pkg/logic/graph/ast.go:32.29,33.31 1 0
github.com/theapemachine/six/pkg/logic/graph/ast.go:33.31,34.21 1 0
github.com/theapemachine/six/pkg/logic/graph/ast.go:34.21,37.6 2 0
github.com/theapemachine/six/pkg/logic/graph/ast.go:37.11,39.6 1 0
github.com/theapemachine/six/pkg/logic/graph/ast.go:44.2,44.18 1 0
github.com/theapemachine/six/pkg/logic/graph/ast.go:44.18,46.3 1 0
github.com/theapemachine/six/pkg/logic/graph/ast.go:47.2,47.18 1 0
github.com/theapemachine/six/pkg/logic/graph/ast.go:50.67,52.24 2 0
github.com/theapemachine/six/pkg/logic/graph/ast.go:52.24,54.32 2 0
github.com/theapemachine/six/pkg/logic/graph/ast.go:54.32,56.4 1 0
github.com/theapemachine/six/pkg/logic/graph/ast.go:58.2,58.12 1 0
github.com/theapemachine/six/pkg/logic/graph/matrix.capnp.go:20.56,23.2 2 0
github.com/theapemachine/six/pkg/logic/graph/matrix.capnp.go:25.60,28.2 2 0
github.com/theapemachine/six/pkg/logic/graph/matrix.capnp.go:30.63,33.2 2 0
github.com/theapemachine/six/pkg/logic/graph/matrix.capnp.go:35.36,38.2 2 0
github.com/theapemachine/six/pkg/logic/graph/matrix.capnp.go:40.62,42.2 1 0
github.com/theapemachine/six/pkg/logic/graph/matrix.capnp.go:44.55,46.2 1 0
github.com/theapemachine/six/pkg/logic/graph/matrix.capnp.go:48.38,50.2 1 0
github.com/theapemachine/six/pkg/logic/graph/matrix.capnp.go:51.35,53.2 1 0
github.com/theapemachine/six/pkg/logic/graph/matrix.capnp.go:55.45,57.2 1 0
github.com/theapemachine/six/pkg/logic/graph/matrix.capnp.go:59.45,61.2 1 0
github.com/theapemachine/six/pkg/logic/graph/matrix.capnp.go:62.33,64.2 1 0
github.com/theapemachine/six/pkg/logic/graph/matrix.capnp.go:66.37,68.2 1 0
github.com/theapemachine/six/pkg/logic/graph/matrix.capnp.go:70.34,72.2 1 0
github.com/theapemachine/six/pkg/logic/graph/matrix.capnp.go:74.38,76.2 1 0
github.com/theapemachine/six/pkg/logic/graph/matrix.capnp.go:78.38,80.2 1 0
github.com/theapemachine/six/pkg/logic/graph/matrix.capnp.go:82.42,84.2 1 0
github.com/theapemachine/six/pkg/logic/graph/matrix.capnp.go:86.48,89.2 2 0
github.com/theapemachine/six/pkg/logic/graph/matrix.capnp.go:91.36,93.2 1 0
github.com/theapemachine/six/pkg/logic/graph/matrix.capnp.go:95.49,97.2 1 0
github.com/theapemachine/six/pkg/logic/graph/matrix.capnp.go:101.51,103.16 2 0
github.com/theapemachine/six/pkg/logic/graph/matrix.capnp.go:103.16,105.3 1 0
github.com/theapemachine/six/pkg/logic/graph/matrix.capnp.go:106.2,107.16 2 0
github.com/theapemachine/six/pkg/logic/graph/matrix.capnp.go:114.76,117.2 2 0
github.com/theapemachine/six/pkg/logic/graph/matrix.capnp.go:122.55,125.2 2 0
github.com/theapemachine/six/pkg/logic/graph/matrix.capnp.go:126.53,128.2 1 0
github.com/theapemachine/six/pkg/logic/graph/matrix.capnp.go:135.136,145.19 2 0
github.com/theapemachine/six/pkg/logic/graph/matrix.capnp.go:145.19,147.44 2 0
github.com/theapemachine/six/pkg/logic/graph/matrix.capnp.go:147.44,147.86 1 0
github.com/theapemachine/six/pkg/logic/graph/matrix.capnp.go:150.2,151.68 2 0
github.com/theapemachine/six/pkg/logic/graph/matrix.capnp.go:155.130,165.19 2 0
github.com/theapemachine/six/pkg/logic/graph/matrix.capnp.go:165.19,167.44 2 0
github.com/theapemachine/six/pkg/logic/graph/matrix.capnp.go:167.44,167.84 1 0
github.com/theapemachine/six/pkg/logic/graph/matrix.capnp.go:170.2,171.66 2 0
github.com/theapemachine/six/pkg/logic/graph/matrix.capnp.go:175.39,177.2 1 0
github.com/theapemachine/six/pkg/logic/graph/matrix.capnp.go:183.33,185.2 1 0
github.com/theapemachine/six/pkg/logic/graph/matrix.capnp.go:189.33,191.2 1 0
github.com/theapemachine/six/pkg/logic/graph/matrix.capnp.go:199.27,201.2 1 0
github.com/theapemachine/six/pkg/logic/graph/matrix.capnp.go:205.52,207.2 1 0
github.com/theapemachine/six/pkg/logic/graph/matrix.capnp.go:209.59,211.2 1 0
github.com/theapemachine/six/pkg/logic/graph/matrix.capnp.go:213.49,215.2 1 0
github.com/theapemachine/six/pkg/logic/graph/matrix.capnp.go:220.32,222.2 1 0
github.com/theapemachine/six/pkg/logic/graph/matrix.capnp.go:228.43,230.2 1 0
github.com/theapemachine/six/pkg/logic/graph/matrix.capnp.go:236.52,238.2 1 0
github.com/theapemachine/six/pkg/logic/graph/matrix.capnp.go:242.49,244.2 1 0
github.com/theapemachine/six/pkg/logic/graph/matrix.capnp.go:254.55,257.2 2 0
github.com/theapemachine/six/pkg/logic/graph/matrix.capnp.go:261.52,263.2 1 0
github.com/theapemachine/six/pkg/logic/graph/matrix.capnp.go:267.79,268.23 1 0
github.com/theapemachine/six/pkg/logic/graph/matrix.capnp.go:268.23,270.3 1 0
github.com/theapemachine/six/pkg/logic/graph/matrix.capnp.go:272.2,279.60 1 0
github.com/theapemachine/six/pkg/logic/graph/matrix.capnp.go:279.60,281.4 1 0
github.com/theapemachine/six/pkg/logic/graph/matrix.capnp.go:284.2,291.60 1 0
github.com/theapemachine/six/pkg/logic/graph/matrix.capnp.go:291.60,293.4 1 0
github.com/theapemachine/six/pkg/logic/graph/matrix.capnp.go:296.2,296.16 1 0
github.com/theapemachine/six/pkg/logic/graph/matrix.capnp.go:306.52,308.2 1 0
github.com/theapemachine/six/pkg/logic/graph/matrix.capnp.go:311.70,314.2 2 0
github.com/theapemachine/six/pkg/logic/graph/matrix.capnp.go:323.48,325.2 1 0
github.com/theapemachine/six/pkg/logic/graph/matrix.capnp.go:328.66,331.2 2 0
github.com/theapemachine/six/pkg/logic/graph/matrix.capnp.go:337.70,340.2 2 0
github.com/theapemachine/six/pkg/logic/graph/matrix.capnp.go:347.78,350.2 2 0
github.com/theapemachine/six/pkg/logic/graph/matrix.capnp.go:352.82,355.2 2 0
github.com/theapemachine/six/pkg/logic/graph/matrix.capnp.go:357.85,360.2 2 0
github.com/theapemachine/six/pkg/logic/graph/matrix.capnp.go:362.47,365.2 2 0
github.com/theapemachine/six/pkg/logic/graph/matrix.capnp.go:367.73,369.2 1 0
github.com/theapemachine/six/pkg/logic/graph/matrix.capnp.go:371.77,373.2 1 0
github.com/theapemachine/six/pkg/logic/graph/matrix.capnp.go:375.49,377.2 1 0
github.com/theapemachine/six/pkg/logic/graph/matrix.capnp.go:378.46,380.2 1 0
github.com/theapemachine/six/pkg/logic/graph/matrix.capnp.go:382.56,384.2 1 0
github.com/theapemachine/six/pkg/logic/graph/matrix.capnp.go:386.56,388.2 1 0
github.com/theapemachine/six/pkg/logic/graph/matrix.capnp.go:389.65,392.2 2 0
github.com/theapemachine/six/pkg/logic/graph/matrix.capnp.go:394.48,396.2 1 0
github.com/theapemachine/six/pkg/logic/graph/matrix.capnp.go:398.66,400.2 1 0
github.com/theapemachine/six/pkg/logic/graph/matrix.capnp.go:404.75,406.16 2 0
github.com/theapemachine/six/pkg/logic/graph/matrix.capnp.go:406.16,408.3 1 0
github.com/theapemachine/six/pkg/logic/graph/matrix.capnp.go:409.2,410.15 2 0
github.com/theapemachine/six/pkg/logic/graph/matrix.capnp.go:417.98,420.2 2 0
github.com/theapemachine/six/pkg/logic/graph/matrix.capnp.go:425.77,428.2 2 0
github.com/theapemachine/six/pkg/logic/graph/matrix.capnp.go:435.80,438.2 2 0
github.com/theapemachine/six/pkg/logic/graph/matrix.capnp.go:440.84,443.2 2 0
github.com/theapemachine/six/pkg/logic/graph/matrix.capnp.go:445.87,448.2 2 0
github.com/theapemachine/six/pkg/logic/graph/matrix.capnp.go:450.48,453.2 2 0
github.com/theapemachine/six/pkg/logic/graph/matrix.capnp.go:455.74,457.2 1 0
github.com/theapemachine/six/pkg/logic/graph/matrix.capnp.go:459.79,461.2 1 0
github.com/theapemachine/six/pkg/logic/graph/matrix.capnp.go:463.50,465.2 1 0
github.com/theapemachine/six/pkg/logic/graph/matrix.capnp.go:466.47,468.2 1 0
github.com/theapemachine/six/pkg/logic/graph/matrix.capnp.go:470.57,472.2 1 0
github.com/theapemachine/six/pkg/logic/graph/matrix.capnp.go:474.57,476.2 1 0
github.com/theapemachine/six/pkg/logic/graph/matrix.capnp.go:477.67,480.2 2 0
github.com/theapemachine/six/pkg/logic/graph/matrix.capnp.go:482.48,484.2 1 0
github.com/theapemachine/six/pkg/logic/graph/matrix.capnp.go:486.68,488.2 1 0
github.com/theapemachine/six/pkg/logic/graph/matrix.capnp.go:492.77,494.16 2 0
github.com/theapemachine/six/pkg/logic/graph/matrix.capnp.go:494.16,496.3 1 0
github.com/theapemachine/six/pkg/logic/graph/matrix.capnp.go:497.2,498.15 2 0
github.com/theapemachine/six/pkg/logic/graph/matrix.capnp.go:505.100,508.2 2 0
github.com/theapemachine/six/pkg/logic/graph/matrix.capnp.go:513.79,516.2 2 0
github.com/theapemachine/six/pkg/logic/graph/matrix.capnp.go:523.74,526.2 2 0
github.com/theapemachine/six/pkg/logic/graph/matrix.capnp.go:528.78,531.2 2 0
github.com/theapemachine/six/pkg/logic/graph/matrix.capnp.go:533.81,536.2 2 0
github.com/theapemachine/six/pkg/logic/graph/matrix.capnp.go:538.45,541.2 2 0
github.com/theapemachine/six/pkg/logic/graph/matrix.capnp.go:543.71,545.2 1 0
github.com/theapemachine/six/pkg/logic/graph/matrix.capnp.go:547.73,549.2 1 0
github.com/theapemachine/six/pkg/logic/graph/matrix.capnp.go:551.47,553.2 1 0
github.com/theapemachine/six/pkg/logic/graph/matrix.capnp.go:554.44,556.2 1 0
github.com/theapemachine/six/pkg/logic/graph/matrix.capnp.go:558.54,560.2 1 0
github.com/theapemachine/six/pkg/logic/graph/matrix.capnp.go:562.54,564.2 1 0
github.com/theapemachine/six/pkg/logic/graph/matrix.capnp.go:570.94,573.2 2 0
github.com/theapemachine/six/pkg/logic/graph/matrix.capnp.go:578.73,581.2 2 0
github.com/theapemachine/six/pkg/logic/graph/matrix.capnp.go:588.76,591.2 2 0
github.com/theapemachine/six/pkg/logic/graph/matrix.capnp.go:593.80,596.2 2 0
github.com/theapemachine/six/pkg/logic/graph/matrix.capnp.go:598.83,601.2 2 0
github.com/theapemachine/six/pkg/logic/graph/matrix.capnp.go:603.46,606.2 2 0
github.com/theapemachine/six/pkg/logic/graph/matrix.capnp.go:608.72,610.2 1 0
github.com/theapemachine/six/pkg/logic/graph/matrix.capnp.go:612.75,614.2 1 0
github.com/theapemachine/six/pkg/logic/graph/matrix.capnp.go:616.48,618.2 1 0
github.com/theapemachine/six/pkg/logic/graph/matrix.capnp.go:619.45,621.2 1 0
github.com/theapemachine/six/pkg/logic/graph/matrix.capnp.go:623.55,625.2 1 0
github.com/theapemachine/six/pkg/logic/graph/matrix.capnp.go:627.55,629.2 1 0
github.com/theapemachine/six/pkg/logic/graph/matrix.capnp.go:635.96,638.2 2 0
github.com/theapemachine/six/pkg/logic/graph/matrix.capnp.go:643.75,646.2 2 0
github.com/theapemachine/six/pkg/logic/graph/matrix.capnp.go:681.44,694.2 1 0
github.com/theapemachine/six/pkg/logic/graph/matrix.go:47.61,49.27 2 1
github.com/theapemachine/six/pkg/logic/graph/matrix.go:49.27,51.3 1 0
github.com/theapemachine/six/pkg/logic/graph/matrix.go:52.2,52.15 1 1
github.com/theapemachine/six/pkg/logic/graph/matrix.go:58.61,59.36 1 0
github.com/theapemachine/six/pkg/logic/graph/matrix.go:59.36,61.3 1 0
github.com/theapemachine/six/pkg/logic/graph/matrix.go:67.74,68.36 1 0
github.com/theapemachine/six/pkg/logic/graph/matrix.go:68.36,70.3 1 0
github.com/theapemachine/six/pkg/logic/graph/matrix.go:76.51,77.36 1 0
github.com/theapemachine/six/pkg/logic/graph/matrix.go:77.36,79.3 1 0
github.com/theapemachine/six/pkg/logic/graph/matrix.go:86.40,87.29 1 0
github.com/theapemachine/six/pkg/logic/graph/matrix.go:87.29,89.3 1 0
github.com/theapemachine/six/pkg/logic/graph/matrix.go:91.2,103.4 4 0
github.com/theapemachine/six/pkg/logic/graph/matrix.go:110.58,111.42 1 0
github.com/theapemachine/six/pkg/logic/graph/matrix.go:111.42,113.3 1 0
github.com/theapemachine/six/pkg/logic/graph/matrix.go:115.2,115.59 1 0
github.com/theapemachine/six/pkg/logic/graph/matrix.go:115.59,116.32 1 0
github.com/theapemachine/six/pkg/logic/graph/matrix.go:116.32,122.4 4 0
github.com/theapemachine/six/pkg/logic/graph/matrix.go:128.83,131.16 3 0
github.com/theapemachine/six/pkg/logic/graph/matrix.go:131.16,133.3 1 0
github.com/theapemachine/six/pkg/logic/graph/matrix.go:135.2,136.16 2 0
github.com/theapemachine/six/pkg/logic/graph/matrix.go:136.16,138.3 1 0
github.com/theapemachine/six/pkg/logic/graph/matrix.go:140.2,140.40 1 0
github.com/theapemachine/six/pkg/logic/graph/matrix.go:143.79,145.2 1 0
github.com/theapemachine/six/pkg/logic/graph/matrix.go:152.129,156.29 3 1
github.com/theapemachine/six/pkg/logic/graph/matrix.go:156.29,160.28 3 1
github.com/theapemachine/six/pkg/logic/graph/matrix.go:160.28,164.4 3 1
github.com/theapemachine/six/pkg/logic/graph/matrix.go:167.2,167.39 1 1
github.com/theapemachine/six/pkg/logic/graph/matrix.go:170.114,175.28 4 0
github.com/theapemachine/six/pkg/logic/graph/matrix.go:175.28,177.17 2 0
github.com/theapemachine/six/pkg/logic/graph/matrix.go:177.17,179.4 1 0
github.com/theapemachine/six/pkg/logic/graph/matrix.go:180.3,180.55 1 0
github.com/theapemachine/six/pkg/logic/graph/matrix.go:184.2,187.41 1 0
github.com/theapemachine/six/pkg/logic/graph/matrix.go:187.41,189.18 2 0
github.com/theapemachine/six/pkg/logic/graph/matrix.go:189.18,191.5 1 0
github.com/theapemachine/six/pkg/logic/graph/matrix.go:192.4,192.38 1 0
github.com/theapemachine/six/pkg/logic/graph/matrix.go:192.38,203.5 10 0
github.com/theapemachine/six/pkg/logic/graph/matrix.go:204.4,204.41 1 0
github.com/theapemachine/six/pkg/logic/graph/matrix.go:207.2,210.16 3 0
github.com/theapemachine/six/pkg/logic/graph/matrix.go:210.16,212.3 1 0
github.com/theapemachine/six/pkg/logic/graph/matrix.go:214.2,215.16 2 0
github.com/theapemachine/six/pkg/logic/graph/matrix.go:215.16,217.3 1 0
github.com/theapemachine/six/pkg/logic/graph/matrix.go:219.2,224.16 4 0
github.com/theapemachine/six/pkg/logic/graph/matrix.go:224.16,226.3 1 0
github.com/theapemachine/six/pkg/logic/graph/matrix.go:227.2,227.36 1 0
github.com/theapemachine/six/pkg/logic/graph/matrix.go:227.36,229.3 1 0
github.com/theapemachine/six/pkg/logic/graph/matrix.go:231.2,231.39 1 0
github.com/theapemachine/six/pkg/logic/graph/matrix.go:231.39,233.17 2 0
github.com/theapemachine/six/pkg/logic/graph/matrix.go:233.17,235.4 1 0
github.com/theapemachine/six/pkg/logic/graph/matrix.go:237.3,240.40 3 0
github.com/theapemachine/six/pkg/logic/graph/matrix.go:240.40,242.4 1 0
github.com/theapemachine/six/pkg/logic/graph/matrix.go:244.3,246.20 2 0
github.com/theapemachine/six/pkg/logic/graph/matrix.go:246.20,249.18 3 0
github.com/theapemachine/six/pkg/logic/graph/matrix.go:249.18,251.5 1 0
github.com/theapemachine/six/pkg/logic/graph/matrix.go:252.4,260.41 9 0
github.com/theapemachine/six/pkg/logic/graph/matrix.go:264.2,266.42 2 0
github.com/theapemachine/six/pkg/logic/graph/matrix.go:269.95,271.16 2 0
github.com/theapemachine/six/pkg/logic/graph/matrix.go:271.16,273.3 1 0
github.com/theapemachine/six/pkg/logic/graph/matrix.go:275.2,276.35 2 0
github.com/theapemachine/six/pkg/logic/graph/matrix.go:276.35,278.17 2 0
github.com/theapemachine/six/pkg/logic/graph/matrix.go:278.17,280.4 1 0
github.com/theapemachine/six/pkg/logic/graph/matrix.go:281.3,281.40 1 0
github.com/theapemachine/six/pkg/logic/graph/matrix.go:281.40,292.4 10 0
github.com/theapemachine/six/pkg/logic/graph/matrix.go:293.3,293.61 1 0
github.com/theapemachine/six/pkg/logic/graph/matrix.go:293.61,295.4 1 0
github.com/theapemachine/six/pkg/logic/graph/matrix.go:298.2,298.12 1 0
github.com/theapemachine/six/pkg/logic/graph/matrix.go:301.66,303.36 2 0
github.com/theapemachine/six/pkg/logic/graph/matrix.go:303.36,306.17 3 0
github.com/theapemachine/six/pkg/logic/graph/matrix.go:306.17,308.4 1 0
github.com/theapemachine/six/pkg/logic/graph/matrix.go:309.3,317.17 9 0
github.com/theapemachine/six/pkg/logic/graph/matrix.go:319.2,319.17 1 0
github.com/theapemachine/six/pkg/logic/graph/matrix.go:326.80,327.25 1 0
github.com/theapemachine/six/pkg/logic/graph/matrix.go:327.25,329.3 1 0
github.com/theapemachine/six/pkg/logic/graph/matrix.go:332.2,333.35 2 0
github.com/theapemachine/six/pkg/logic/graph/matrix.go:333.35,335.3 1 0
github.com/theapemachine/six/pkg/logic/graph/matrix.go:338.2,343.32 4 0
github.com/theapemachine/six/pkg/logic/graph/matrix.go:343.32,345.23 2 0
github.com/theapemachine/six/pkg/logic/graph/matrix.go:345.23,347.4 1 0
github.com/theapemachine/six/pkg/logic/graph/matrix.go:354.2,354.40 1 0
github.com/theapemachine/six/pkg/logic/graph/matrix.go:354.40,356.31 2 0
github.com/theapemachine/six/pkg/logic/graph/matrix.go:356.31,358.58 2 0
github.com/theapemachine/six/pkg/logic/graph/matrix.go:358.58,361.5 2 0
github.com/theapemachine/six/pkg/logic/graph/matrix.go:362.9,365.4 1 0
